<?xml version="1.0" encoding="UTF-8"?>
<testng-results total="1" passed="1" failed="0" skipped="0">
  <reporter-output>
  </reporter-output>
  <suite started-at="2022-08-22T08:09:37Z" name="Suite" finished-at="2022-08-22T08:09:43Z" duration-ms="5691">
    <groups>
    </groups>
    <test started-at="2022-08-22T08:09:37Z" name="Test" finished-at="2022-08-22T08:09:43Z" duration-ms="5691">
      <class name="Jenkins.Jenkins.AppTest">
        <test-method signature="Testing()[pri:0, instance:Jenkins.Jenkins.AppTest@42607a4f]" started-at="2022-08-22T13:39:37Z" name="Testing" finished-at="2022-08-22T13:39:43Z" duration-ms="5612" status="PASS">
          <reporter-output>
          </reporter-output>
        </test-method> <!-- Testing -->
      </class> <!-- Jenkins.Jenkins.AppTest -->
    </test> <!-- Test -->
  </suite> <!-- Suite -->
</testng-results>
