<?xml version="1.0" encoding="UTF-8"?>
<testng-results ignored="0" total="1" passed="1" failed="0" skipped="0">
  <reporter-output>
  </reporter-output>
  <suite started-at="2022-08-21T23:55:32 IST" name="Suite" finished-at="2022-08-21T23:55:37 IST" duration-ms="5034">
    <groups>
    </groups>
    <test started-at="2022-08-21T23:55:32 IST" name="Test" finished-at="2022-08-21T23:55:37 IST" duration-ms="5034">
      <class name="Jenkins.Jenkins.AppTest">
        <test-method signature="Testing()[pri:0, instance:Jenkins.Jenkins.AppTest@5c909414]" started-at="2022-08-21T23:55:32 IST" name="Testing" finished-at="2022-08-21T23:55:37 IST" duration-ms="4910" status="PASS">
          <reporter-output>
          </reporter-output>
        </test-method> <!-- Testing -->
      </class> <!-- Jenkins.Jenkins.AppTest -->
    </test> <!-- Test -->
  </suite> <!-- Suite -->
</testng-results>
